This file contains any messages produced by compilers while
running configure, to aid debugging if configure makes a mistake.

It was created by cambio configure 0.1, which was
generated by GNU Autoconf 2.69.  Invocation command line was

  $ /home/targueriano/Projects/cambio/configure --prefix=/home/targueriano/.cache/gnome-builder/install/cambio/host --host=x86_64-linux-gnu

## --------- ##
## Platform. ##
## --------- ##

hostname = debE470
uname -m = x86_64
uname -r = 4.9.0-6-amd64
uname -s = Linux
uname -v = #1 SMP Debian 4.9.88-1+deb9u1 (2018-05-07)

/usr/bin/uname -p = unknown
/bin/uname -X     = unknown

/bin/arch              = unknown
/usr/bin/arch -k       = unknown
/usr/convex/getsysinfo = unknown
/usr/bin/hostinfo      = unknown
/bin/machine           = unknown
/usr/bin/oslevel       = unknown
/bin/universe          = unknown

PATH: /usr/local/bin
PATH: /usr/bin
PATH: /bin
PATH: /usr/local/games
PATH: /usr/games


## ----------- ##
## Core tests. ##
## ----------- ##

configure:2263: checking for a BSD-compatible install
configure:2331: result: /usr/bin/install -c
configure:2342: checking whether build environment is sane
configure:2397: result: yes
configure:2456: checking for x86_64-linux-gnu-strip
configure:2472: found /usr/bin/x86_64-linux-gnu-strip
configure:2483: result: x86_64-linux-gnu-strip
configure:2548: checking for a thread-safe mkdir -p
configure:2587: result: /bin/mkdir -p
configure:2594: checking for gawk
configure:2610: found /usr/bin/gawk
configure:2621: result: gawk
configure:2632: checking whether make sets $(MAKE)
configure:2654: result: yes
configure:2683: checking whether make supports nested variables
configure:2700: result: yes
configure:2838: checking whether make supports nested variables
configure:2855: result: yes
configure:2875: checking for x86_64-linux-gnu-gcc
configure:2891: found /usr/bin/x86_64-linux-gnu-gcc
configure:2902: result: x86_64-linux-gnu-gcc
configure:3171: checking for C compiler version
configure:3180: x86_64-linux-gnu-gcc --version >&5
x86_64-linux-gnu-gcc (Debian 6.3.0-18+deb9u1) 6.3.0 20170516
Copyright (C) 2016 Free Software Foundation, Inc.
This is free software; see the source for copying conditions.  There is NO
warranty; not even for MERCHANTABILITY or FITNESS FOR A PARTICULAR PURPOSE.

configure:3191: $? = 0
configure:3180: x86_64-linux-gnu-gcc -v >&5
Using built-in specs.
COLLECT_GCC=x86_64-linux-gnu-gcc
COLLECT_LTO_WRAPPER=/usr/lib/gcc/x86_64-linux-gnu/6/lto-wrapper
Target: x86_64-linux-gnu
Configured with: ../src/configure -v --with-pkgversion='Debian 6.3.0-18+deb9u1' --with-bugurl=file:///usr/share/doc/gcc-6/README.Bugs --enable-languages=c,ada,c++,java,go,d,fortran,objc,obj-c++ --prefix=/usr --program-suffix=-6 --program-prefix=x86_64-linux-gnu- --enable-shared --enable-linker-build-id --libexecdir=/usr/lib --without-included-gettext --enable-threads=posix --libdir=/usr/lib --enable-nls --with-sysroot=/ --enable-clocale=gnu --enable-libstdcxx-debug --enable-libstdcxx-time=yes --with-default-libstdcxx-abi=new --enable-gnu-unique-object --disable-vtable-verify --enable-libmpx --enable-plugin --enable-default-pie --with-system-zlib --disable-browser-plugin --enable-java-awt=gtk --enable-gtk-cairo --with-java-home=/usr/lib/jvm/java-1.5.0-gcj-6-amd64/jre --enable-java-home --with-jvm-root-dir=/usr/lib/jvm/java-1.5.0-gcj-6-amd64 --with-jvm-jar-dir=/usr/lib/jvm-exports/java-1.5.0-gcj-6-amd64 --with-arch-directory=amd64 --with-ecj-jar=/usr/share/java/eclipse-ecj.jar --with-target-system-zlib --enable-objc-gc=auto --enable-multiarch --with-arch-32=i686 --with-abi=m64 --with-multilib-list=m32,m64,mx32 --enable-multilib --with-tune=generic --enable-checking=release --build=x86_64-linux-gnu --host=x86_64-linux-gnu --target=x86_64-linux-gnu
Thread model: posix
gcc version 6.3.0 20170516 (Debian 6.3.0-18+deb9u1) 
configure:3191: $? = 0
configure:3180: x86_64-linux-gnu-gcc -V >&5
x86_64-linux-gnu-gcc: error: unrecognized command line option '-V'
x86_64-linux-gnu-gcc: fatal error: no input files
compilation terminated.
configure:3191: $? = 1
configure:3180: x86_64-linux-gnu-gcc -qversion >&5
x86_64-linux-gnu-gcc: error: unrecognized command line option '-qversion'; did you mean '--version'?
x86_64-linux-gnu-gcc: fatal error: no input files
compilation terminated.
configure:3191: $? = 1
configure:3211: checking whether the C compiler works
configure:3233: x86_64-linux-gnu-gcc    conftest.c  >&5
configure:3237: $? = 0
configure:3285: result: yes
configure:3288: checking for C compiler default output file name
configure:3290: result: a.out
configure:3296: checking for suffix of executables
configure:3303: x86_64-linux-gnu-gcc -o conftest    conftest.c  >&5
configure:3307: $? = 0
configure:3329: result: 
configure:3351: checking whether we are cross compiling
configure:3359: x86_64-linux-gnu-gcc -o conftest    conftest.c  >&5
configure:3363: $? = 0
configure:3370: ./conftest
configure:3374: $? = 0
configure:3389: result: no
configure:3394: checking for suffix of object files
configure:3416: x86_64-linux-gnu-gcc -c   conftest.c >&5
configure:3420: $? = 0
configure:3441: result: o
configure:3445: checking whether we are using the GNU C compiler
configure:3464: x86_64-linux-gnu-gcc -c   conftest.c >&5
configure:3464: $? = 0
configure:3473: result: yes
configure:3482: checking whether x86_64-linux-gnu-gcc accepts -g
configure:3502: x86_64-linux-gnu-gcc -c -g  conftest.c >&5
configure:3502: $? = 0
configure:3543: result: yes
configure:3560: checking for x86_64-linux-gnu-gcc option to accept ISO C89
configure:3623: x86_64-linux-gnu-gcc  -c -g -O2  conftest.c >&5
configure:3623: $? = 0
configure:3636: result: none needed
configure:3661: checking whether x86_64-linux-gnu-gcc understands -c and -o together
configure:3683: x86_64-linux-gnu-gcc -c conftest.c -o conftest2.o
configure:3686: $? = 0
configure:3683: x86_64-linux-gnu-gcc -c conftest.c -o conftest2.o
configure:3686: $? = 0
configure:3698: result: yes
configure:3726: checking for style of include used by make
configure:3754: result: GNU
configure:3780: checking dependency style of x86_64-linux-gnu-gcc
configure:3891: result: gcc3
configure:3912: checking build system type
configure:3926: result: x86_64-pc-linux-gnu
configure:3946: checking host system type
configure:3959: result: x86_64-pc-linux-gnu
configure:4058: checking how to print strings
configure:4085: result: printf
configure:4106: checking for a sed that does not truncate output
configure:4170: result: /bin/sed
configure:4188: checking for grep that handles long lines and -e
configure:4246: result: /bin/grep
configure:4251: checking for egrep
configure:4313: result: /bin/grep -E
configure:4318: checking for fgrep
configure:4380: result: /bin/grep -F
configure:4415: checking for ld used by x86_64-linux-gnu-gcc
configure:4482: result: /usr/bin/ld
configure:4489: checking if the linker (/usr/bin/ld) is GNU ld
configure:4504: result: yes
configure:4516: checking for BSD- or MS-compatible name lister (nm)
configure:4570: result: /usr/bin/x86_64-linux-gnu-nm -B
configure:4700: checking the name lister (/usr/bin/x86_64-linux-gnu-nm -B) interface
configure:4707: x86_64-linux-gnu-gcc -c -g -O2  conftest.c >&5
configure:4710: /usr/bin/x86_64-linux-gnu-nm -B "conftest.o"
configure:4713: output
0000000000000000 B some_variable
configure:4720: result: BSD nm
configure:4723: checking whether ln -s works
configure:4727: result: yes
configure:4735: checking the maximum length of command line arguments
configure:4866: result: 1572864
configure:4914: checking how to convert x86_64-pc-linux-gnu file names to x86_64-pc-linux-gnu format
configure:4954: result: func_convert_file_noop
configure:4961: checking how to convert x86_64-pc-linux-gnu file names to toolchain format
configure:4981: result: func_convert_file_noop
configure:4988: checking for /usr/bin/ld option to reload object files
configure:4995: result: -r
configure:5029: checking for x86_64-linux-gnu-objdump
configure:5045: found /usr/bin/x86_64-linux-gnu-objdump
configure:5056: result: x86_64-linux-gnu-objdump
configure:5125: checking how to recognize dependent libraries
configure:5325: result: pass_all
configure:5370: checking for x86_64-linux-gnu-dlltool
configure:5400: result: no
configure:5410: checking for dlltool
configure:5440: result: no
configure:5467: checking how to associate runtime and link libraries
configure:5494: result: printf %s\n
configure:5511: checking for x86_64-linux-gnu-ar
configure:5527: found /usr/bin/x86_64-linux-gnu-ar
configure:5538: result: x86_64-linux-gnu-ar
configure:5619: checking for archiver @FILE support
configure:5636: x86_64-linux-gnu-gcc -c -g -O2  conftest.c >&5
configure:5636: $? = 0
configure:5639: x86_64-linux-gnu-ar cru libconftest.a @conftest.lst >&5
x86_64-linux-gnu-ar: `u' modifier ignored since `D' is the default (see `U')
configure:5642: $? = 0
configure:5647: x86_64-linux-gnu-ar cru libconftest.a @conftest.lst >&5
x86_64-linux-gnu-ar: `u' modifier ignored since `D' is the default (see `U')
x86_64-linux-gnu-ar: conftest.o: No such file or directory
configure:5650: $? = 1
configure:5662: result: @
configure:5680: checking for x86_64-linux-gnu-strip
configure:5707: result: x86_64-linux-gnu-strip
configure:5779: checking for x86_64-linux-gnu-ranlib
configure:5795: found /usr/bin/x86_64-linux-gnu-ranlib
configure:5806: result: x86_64-linux-gnu-ranlib
configure:5948: checking command to parse /usr/bin/x86_64-linux-gnu-nm -B output from x86_64-linux-gnu-gcc object
configure:6101: x86_64-linux-gnu-gcc -c -g -O2  conftest.c >&5
configure:6104: $? = 0
configure:6108: /usr/bin/x86_64-linux-gnu-nm -B conftest.o \| sed -n -e 's/^.*[ ]\([ABCDGIRSTW][ABCDGIRSTW]*\)[ ][ ]*\([_A-Za-z][_A-Za-z0-9]*\)$/\1 \2 \2/p' | sed '/ __gnu_lto/d' \> conftest.nm
configure:6111: $? = 0
configure:6177: x86_64-linux-gnu-gcc -o conftest -g -O2   conftest.c conftstm.o >&5
configure:6180: $? = 0
configure:6218: result: ok
configure:6265: checking for sysroot
configure:6295: result: no
configure:6302: checking for a working dd
configure:6340: result: /bin/dd
configure:6344: checking how to truncate binary pipes
configure:6359: result: /bin/dd bs=4096 count=1
configure:6495: x86_64-linux-gnu-gcc -c -g -O2  conftest.c >&5
configure:6498: $? = 0
configure:6648: checking for x86_64-linux-gnu-mt
configure:6678: result: no
configure:6688: checking for mt
configure:6704: found /bin/mt
configure:6715: result: mt
configure:6738: checking if mt is a manifest tool
configure:6744: mt '-?'
configure:6752: result: no
configure:7429: checking how to run the C preprocessor
configure:7460: x86_64-linux-gnu-gcc -E  conftest.c
configure:7460: $? = 0
configure:7474: x86_64-linux-gnu-gcc -E  conftest.c
conftest.c:11:28: fatal error: ac_nonexistent.h: No such file or directory
 #include <ac_nonexistent.h>
                            ^
compilation terminated.
configure:7474: $? = 1
configure: failed program was:
| /* confdefs.h */
| #define PACKAGE_NAME "cambio"
| #define PACKAGE_TARNAME "cambio"
| #define PACKAGE_VERSION "0.1"
| #define PACKAGE_STRING "cambio 0.1"
| #define PACKAGE_BUGREPORT ""
| #define PACKAGE_URL ""
| #define PACKAGE "cambio"
| #define VERSION "0.1"
| /* end confdefs.h.  */
| #include <ac_nonexistent.h>
configure:7499: result: x86_64-linux-gnu-gcc -E
configure:7519: x86_64-linux-gnu-gcc -E  conftest.c
configure:7519: $? = 0
configure:7533: x86_64-linux-gnu-gcc -E  conftest.c
conftest.c:11:28: fatal error: ac_nonexistent.h: No such file or directory
 #include <ac_nonexistent.h>
                            ^
compilation terminated.
configure:7533: $? = 1
configure: failed program was:
| /* confdefs.h */
| #define PACKAGE_NAME "cambio"
| #define PACKAGE_TARNAME "cambio"
| #define PACKAGE_VERSION "0.1"
| #define PACKAGE_STRING "cambio 0.1"
| #define PACKAGE_BUGREPORT ""
| #define PACKAGE_URL ""
| #define PACKAGE "cambio"
| #define VERSION "0.1"
| /* end confdefs.h.  */
| #include <ac_nonexistent.h>
configure:7562: checking for ANSI C header files
configure:7582: x86_64-linux-gnu-gcc -c -g -O2  conftest.c >&5
configure:7582: $? = 0
configure:7655: x86_64-linux-gnu-gcc -o conftest -g -O2   conftest.c  >&5
configure:7655: $? = 0
configure:7655: ./conftest
configure:7655: $? = 0
configure:7666: result: yes
configure:7679: checking for sys/types.h
configure:7679: x86_64-linux-gnu-gcc -c -g -O2  conftest.c >&5
configure:7679: $? = 0
configure:7679: result: yes
configure:7679: checking for sys/stat.h
configure:7679: x86_64-linux-gnu-gcc -c -g -O2  conftest.c >&5
configure:7679: $? = 0
configure:7679: result: yes
configure:7679: checking for stdlib.h
configure:7679: x86_64-linux-gnu-gcc -c -g -O2  conftest.c >&5
configure:7679: $? = 0
configure:7679: result: yes
configure:7679: checking for string.h
configure:7679: x86_64-linux-gnu-gcc -c -g -O2  conftest.c >&5
configure:7679: $? = 0
configure:7679: result: yes
configure:7679: checking for memory.h
configure:7679: x86_64-linux-gnu-gcc -c -g -O2  conftest.c >&5
configure:7679: $? = 0
configure:7679: result: yes
configure:7679: checking for strings.h
configure:7679: x86_64-linux-gnu-gcc -c -g -O2  conftest.c >&5
configure:7679: $? = 0
configure:7679: result: yes
configure:7679: checking for inttypes.h
configure:7679: x86_64-linux-gnu-gcc -c -g -O2  conftest.c >&5
configure:7679: $? = 0
configure:7679: result: yes
configure:7679: checking for stdint.h
configure:7679: x86_64-linux-gnu-gcc -c -g -O2  conftest.c >&5
configure:7679: $? = 0
configure:7679: result: yes
configure:7679: checking for unistd.h
configure:7679: x86_64-linux-gnu-gcc -c -g -O2  conftest.c >&5
configure:7679: $? = 0
configure:7679: result: yes
configure:7693: checking for dlfcn.h
configure:7693: x86_64-linux-gnu-gcc -c -g -O2  conftest.c >&5
configure:7693: $? = 0
configure:7693: result: yes
configure:8247: checking for objdir
configure:8262: result: .libs
configure:8522: checking if x86_64-linux-gnu-gcc supports -fno-rtti -fno-exceptions
configure:8540: x86_64-linux-gnu-gcc -c -g -O2  -fno-rtti -fno-exceptions conftest.c >&5
cc1: warning: command line option '-fno-rtti' is valid for C++/ObjC++ but not for C
configure:8544: $? = 0
configure:8557: result: no
configure:8915: checking for x86_64-linux-gnu-gcc option to produce PIC
configure:8922: result: -fPIC -DPIC
configure:8930: checking if x86_64-linux-gnu-gcc PIC flag -fPIC -DPIC works
configure:8948: x86_64-linux-gnu-gcc -c -g -O2  -fPIC -DPIC -DPIC conftest.c >&5
configure:8952: $? = 0
configure:8965: result: yes
configure:8994: checking if x86_64-linux-gnu-gcc static flag -static works
configure:9022: result: yes
configure:9037: checking if x86_64-linux-gnu-gcc supports -c -o file.o
configure:9058: x86_64-linux-gnu-gcc -c -g -O2  -o out/conftest2.o conftest.c >&5
configure:9062: $? = 0
configure:9084: result: yes
configure:9092: checking if x86_64-linux-gnu-gcc supports -c -o file.o
configure:9139: result: yes
configure:9172: checking whether the x86_64-linux-gnu-gcc linker (/usr/bin/ld -m elf_x86_64) supports shared libraries
configure:10435: result: yes
configure:10472: checking whether -lc should be explicitly linked in
configure:10480: x86_64-linux-gnu-gcc -c -g -O2  conftest.c >&5
configure:10483: $? = 0
configure:10498: x86_64-linux-gnu-gcc -shared  -fPIC -DPIC conftest.o  -v -Wl,-soname -Wl,conftest -o conftest 2\>\&1 \| /bin/grep  -lc  \>/dev/null 2\>\&1
configure:10501: $? = 0
configure:10515: result: no
configure:10675: checking dynamic linker characteristics
configure:11256: x86_64-linux-gnu-gcc -o conftest -g -O2   -Wl,-rpath -Wl,/foo conftest.c  >&5
configure:11256: $? = 0
configure:11505: result: GNU/Linux ld.so
configure:11627: checking how to hardcode library paths into programs
configure:11652: result: immediate
configure:12200: checking whether stripping libraries is possible
configure:12205: result: yes
configure:12240: checking if libtool supports shared libraries
configure:12242: result: yes
configure:12245: checking whether to build shared libraries
configure:12270: result: yes
configure:12273: checking whether to build static libraries
configure:12277: result: yes
configure:12317: checking for valac
configure:12335: found /usr/bin/valac
configure:12348: result: /usr/bin/valac
configure:12357: checking whether /usr/bin/valac is at least version 0.10.0
configure:12365: result: yes
configure:12399: checking for x86_64-linux-gnu-pkg-config
configure:12417: found /usr/bin/x86_64-linux-gnu-pkg-config
configure:12429: result: /usr/bin/x86_64-linux-gnu-pkg-config
configure:12497: checking pkg-config is at least version 0.9.0
configure:12500: result: yes
configure:12510: checking for CAMBIO
configure:12517: $PKG_CONFIG --exists --print-errors "gtk+-3.0 "
configure:12520: $? = 0
configure:12534: $PKG_CONFIG --exists --print-errors "gtk+-3.0 "
configure:12537: $? = 0
configure:12595: result: yes
configure:12712: checking that generated files are newer than configure
configure:12718: result: done
configure:12749: creating ./config.status

## ---------------------- ##
## Running config.status. ##
## ---------------------- ##

This file was extended by cambio config.status 0.1, which was
generated by GNU Autoconf 2.69.  Invocation command line was

  CONFIG_FILES    = 
  CONFIG_HEADERS  = 
  CONFIG_LINKS    = 
  CONFIG_COMMANDS = 
  $ ./config.status 

on debE470

config.status:1100: creating Makefile
config.status:1100: creating src/Makefile
config.status:1100: creating config.h
config.status:1281: config.h is unchanged
config.status:1329: executing depfiles commands
config.status:1329: executing libtool commands

## ---------------- ##
## Cache variables. ##
## ---------------- ##

ac_cv_build=x86_64-pc-linux-gnu
ac_cv_c_compiler_gnu=yes
ac_cv_env_CAMBIO_CFLAGS_set=
ac_cv_env_CAMBIO_CFLAGS_value=
ac_cv_env_CAMBIO_LIBS_set=
ac_cv_env_CAMBIO_LIBS_value=
ac_cv_env_CC_set=
ac_cv_env_CC_value=
ac_cv_env_CFLAGS_set=
ac_cv_env_CFLAGS_value=
ac_cv_env_CPPFLAGS_set=
ac_cv_env_CPPFLAGS_value=
ac_cv_env_CPP_set=
ac_cv_env_CPP_value=
ac_cv_env_LDFLAGS_set=
ac_cv_env_LDFLAGS_value=
ac_cv_env_LIBS_set=
ac_cv_env_LIBS_value=
ac_cv_env_LT_SYS_LIBRARY_PATH_set=
ac_cv_env_LT_SYS_LIBRARY_PATH_value=
ac_cv_env_PKG_CONFIG_LIBDIR_set=
ac_cv_env_PKG_CONFIG_LIBDIR_value=
ac_cv_env_PKG_CONFIG_PATH_set=
ac_cv_env_PKG_CONFIG_PATH_value=
ac_cv_env_PKG_CONFIG_set=
ac_cv_env_PKG_CONFIG_value=
ac_cv_env_build_alias_set=
ac_cv_env_build_alias_value=
ac_cv_env_host_alias_set=set
ac_cv_env_host_alias_value=x86_64-linux-gnu
ac_cv_env_target_alias_set=
ac_cv_env_target_alias_value=
ac_cv_header_dlfcn_h=yes
ac_cv_header_inttypes_h=yes
ac_cv_header_memory_h=yes
ac_cv_header_stdc=yes
ac_cv_header_stdint_h=yes
ac_cv_header_stdlib_h=yes
ac_cv_header_string_h=yes
ac_cv_header_strings_h=yes
ac_cv_header_sys_stat_h=yes
ac_cv_header_sys_types_h=yes
ac_cv_header_unistd_h=yes
ac_cv_host=x86_64-pc-linux-gnu
ac_cv_objext=o
ac_cv_path_EGREP='/bin/grep -E'
ac_cv_path_FGREP='/bin/grep -F'
ac_cv_path_GREP=/bin/grep
ac_cv_path_PKG_CONFIG=/usr/bin/x86_64-linux-gnu-pkg-config
ac_cv_path_SED=/bin/sed
ac_cv_path_VALAC=/usr/bin/valac
ac_cv_path_install='/usr/bin/install -c'
ac_cv_path_lt_DD=/bin/dd
ac_cv_path_mkdir=/bin/mkdir
ac_cv_prog_AR=x86_64-linux-gnu-ar
ac_cv_prog_AWK=gawk
ac_cv_prog_CC=x86_64-linux-gnu-gcc
ac_cv_prog_CPP='x86_64-linux-gnu-gcc -E'
ac_cv_prog_OBJDUMP=x86_64-linux-gnu-objdump
ac_cv_prog_RANLIB=x86_64-linux-gnu-ranlib
ac_cv_prog_STRIP=x86_64-linux-gnu-strip
ac_cv_prog_ac_ct_MANIFEST_TOOL=mt
ac_cv_prog_cc_c89=
ac_cv_prog_cc_g=yes
ac_cv_prog_make_make_set=yes
am_cv_CC_dependencies_compiler_type=gcc3
am_cv_make_support_nested_variables=yes
am_cv_prog_cc_c_o=yes
lt_cv_ar_at_file=@
lt_cv_archive_cmds_need_lc=no
lt_cv_deplibs_check_method=pass_all
lt_cv_file_magic_cmd='$MAGIC_CMD'
lt_cv_file_magic_test_file=
lt_cv_ld_reload_flag=-r
lt_cv_nm_interface='BSD nm'
lt_cv_objdir=.libs
lt_cv_path_LD=/usr/bin/ld
lt_cv_path_NM='/usr/bin/x86_64-linux-gnu-nm -B'
lt_cv_path_mainfest_tool=no
lt_cv_prog_compiler_c_o=yes
lt_cv_prog_compiler_pic='-fPIC -DPIC'
lt_cv_prog_compiler_pic_works=yes
lt_cv_prog_compiler_rtti_exceptions=no
lt_cv_prog_compiler_static_works=yes
lt_cv_prog_gnu_ld=yes
lt_cv_sharedlib_from_linklib_cmd='printf %s\n'
lt_cv_shlibpath_overrides_runpath=yes
lt_cv_sys_global_symbol_pipe='sed -n -e '\''s/^.*[	 ]\([ABCDGIRSTW][ABCDGIRSTW]*\)[	 ][	 ]*\([_A-Za-z][_A-Za-z0-9]*\)$/\1 \2 \2/p'\'' | sed '\''/ __gnu_lto/d'\'''
lt_cv_sys_global_symbol_to_c_name_address='sed -n -e '\''s/^: \(.*\) .*$/  {"\1", (void *) 0},/p'\'' -e '\''s/^[ABCDGIRSTW][ABCDGIRSTW]* .* \(.*\)$/  {"\1", (void *) \&\1},/p'\'''
lt_cv_sys_global_symbol_to_c_name_address_lib_prefix='sed -n -e '\''s/^: \(.*\) .*$/  {"\1", (void *) 0},/p'\'' -e '\''s/^[ABCDGIRSTW][ABCDGIRSTW]* .* \(lib.*\)$/  {"\1", (void *) \&\1},/p'\'' -e '\''s/^[ABCDGIRSTW][ABCDGIRSTW]* .* \(.*\)$/  {"lib\1", (void *) \&\1},/p'\'''
lt_cv_sys_global_symbol_to_cdecl='sed -n -e '\''s/^T .* \(.*\)$/extern int \1();/p'\'' -e '\''s/^[ABCDGIRSTW][ABCDGIRSTW]* .* \(.*\)$/extern char \1;/p'\'''
lt_cv_sys_global_symbol_to_import=
lt_cv_sys_max_cmd_len=1572864
lt_cv_to_host_file_cmd=func_convert_file_noop
lt_cv_to_tool_file_cmd=func_convert_file_noop
lt_cv_truncate_bin='/bin/dd bs=4096 count=1'
pkg_cv_CAMBIO_CFLAGS='-pthread -I/usr/include/gtk-3.0 -I/usr/include/at-spi2-atk/2.0 -I/usr/include/at-spi-2.0 -I/usr/include/dbus-1.0 -I/usr/lib/x86_64-linux-gnu/dbus-1.0/include -I/usr/include/gtk-3.0 -I/usr/include/gio-unix-2.0/ -I/usr/include/cairo -I/usr/include/pango-1.0 -I/usr/include/harfbuzz -I/usr/include/pango-1.0 -I/usr/include/atk-1.0 -I/usr/include/cairo -I/usr/include/pixman-1 -I/usr/include/freetype2 -I/usr/include/libpng16 -I/usr/include/gdk-pixbuf-2.0 -I/usr/include/libpng16 -I/usr/include/glib-2.0 -I/usr/lib/x86_64-linux-gnu/glib-2.0/include'
pkg_cv_CAMBIO_LIBS='-lgtk-3 -lgdk-3 -lpangocairo-1.0 -lpango-1.0 -latk-1.0 -lcairo-gobject -lcairo -lgdk_pixbuf-2.0 -lgio-2.0 -lgobject-2.0 -lglib-2.0'

## ----------------- ##
## Output variables. ##
## ----------------- ##

ACLOCAL='${SHELL} /home/targueriano/Projects/cambio/missing aclocal-1.15'
AMDEPBACKSLASH='\'
AMDEP_FALSE='#'
AMDEP_TRUE=''
AMTAR='$${TAR-tar}'
AM_BACKSLASH='\'
AM_DEFAULT_V='$(AM_DEFAULT_VERBOSITY)'
AM_DEFAULT_VERBOSITY='0'
AM_V='$(V)'
AR='x86_64-linux-gnu-ar'
AS='as'
AUTOCONF='${SHELL} /home/targueriano/Projects/cambio/missing autoconf'
AUTOHEADER='${SHELL} /home/targueriano/Projects/cambio/missing autoheader'
AUTOMAKE='${SHELL} /home/targueriano/Projects/cambio/missing automake-1.15'
AWK='gawk'
CAMBIO_CFLAGS='-pthread -I/usr/include/gtk-3.0 -I/usr/include/at-spi2-atk/2.0 -I/usr/include/at-spi-2.0 -I/usr/include/dbus-1.0 -I/usr/lib/x86_64-linux-gnu/dbus-1.0/include -I/usr/include/gtk-3.0 -I/usr/include/gio-unix-2.0/ -I/usr/include/cairo -I/usr/include/pango-1.0 -I/usr/include/harfbuzz -I/usr/include/pango-1.0 -I/usr/include/atk-1.0 -I/usr/include/cairo -I/usr/include/pixman-1 -I/usr/include/freetype2 -I/usr/include/libpng16 -I/usr/include/gdk-pixbuf-2.0 -I/usr/include/libpng16 -I/usr/include/glib-2.0 -I/usr/lib/x86_64-linux-gnu/glib-2.0/include'
CAMBIO_LIBS='-lgtk-3 -lgdk-3 -lpangocairo-1.0 -lpango-1.0 -latk-1.0 -lcairo-gobject -lcairo -lgdk_pixbuf-2.0 -lgio-2.0 -lgobject-2.0 -lglib-2.0'
CC='x86_64-linux-gnu-gcc'
CCDEPMODE='depmode=gcc3'
CFLAGS='-g -O2'
CPP='x86_64-linux-gnu-gcc -E'
CPPFLAGS=''
CYGPATH_W='echo'
DEFS='-DHAVE_CONFIG_H'
DEPDIR='.deps'
DLLTOOL='false'
DSYMUTIL=''
DUMPBIN=''
ECHO_C=''
ECHO_N='-n'
ECHO_T=''
EGREP='/bin/grep -E'
EXEEXT=''
FGREP='/bin/grep -F'
GREP='/bin/grep'
INSTALL_DATA='${INSTALL} -m 644'
INSTALL_PROGRAM='${INSTALL}'
INSTALL_SCRIPT='${INSTALL}'
INSTALL_STRIP_PROGRAM='$(install_sh) -c -s'
LD='/usr/bin/ld -m elf_x86_64'
LDFLAGS=''
LIBOBJS=''
LIBS=''
LIBTOOL='$(SHELL) $(top_builddir)/libtool'
LIPO=''
LN_S='ln -s'
LTLIBOBJS=''
LT_SYS_LIBRARY_PATH=''
MAKEINFO='${SHELL} /home/targueriano/Projects/cambio/missing makeinfo'
MANIFEST_TOOL=':'
MKDIR_P='/bin/mkdir -p'
NATIVE_WIN32_FALSE=''
NATIVE_WIN32_TRUE='#'
NM='/usr/bin/x86_64-linux-gnu-nm -B'
NMEDIT=''
OBJDUMP='x86_64-linux-gnu-objdump'
OBJEXT='o'
OTOOL64=''
OTOOL=''
PACKAGE='cambio'
PACKAGE_BUGREPORT=''
PACKAGE_NAME='cambio'
PACKAGE_STRING='cambio 0.1'
PACKAGE_TARNAME='cambio'
PACKAGE_URL=''
PACKAGE_VERSION='0.1'
PATH_SEPARATOR=':'
PKG_CONFIG='/usr/bin/x86_64-linux-gnu-pkg-config'
PKG_CONFIG_LIBDIR=''
PKG_CONFIG_PATH=''
PLATFORM_WIN32_FALSE=''
PLATFORM_WIN32_TRUE='#'
RANLIB='x86_64-linux-gnu-ranlib'
SED='/bin/sed'
SET_MAKE=''
SHELL='/bin/bash'
STRIP='x86_64-linux-gnu-strip'
VALAC='/usr/bin/valac'
VERSION='0.1'
ac_ct_AR=''
ac_ct_CC=''
ac_ct_DUMPBIN=''
am__EXEEXT_FALSE=''
am__EXEEXT_TRUE='#'
am__fastdepCC_FALSE='#'
am__fastdepCC_TRUE=''
am__include='include'
am__isrc=''
am__leading_dot='.'
am__nodep='_no'
am__quote=''
am__tar='$${TAR-tar} chof - "$$tardir"'
am__untar='$${TAR-tar} xf -'
bindir='${exec_prefix}/bin'
build='x86_64-pc-linux-gnu'
build_alias=''
build_cpu='x86_64'
build_os='linux-gnu'
build_vendor='pc'
datadir='${datarootdir}'
datarootdir='${prefix}/share'
docdir='${datarootdir}/doc/${PACKAGE_TARNAME}'
dvidir='${docdir}'
exec_prefix='${prefix}'
host='x86_64-pc-linux-gnu'
host_alias='x86_64-linux-gnu'
host_cpu='x86_64'
host_os='linux-gnu'
host_vendor='pc'
htmldir='${docdir}'
includedir='${prefix}/include'
infodir='${datarootdir}/info'
install_sh='${SHELL} /home/targueriano/Projects/cambio/install-sh'
libdir='${exec_prefix}/lib'
libexecdir='${exec_prefix}/libexec'
localedir='${datarootdir}/locale'
localstatedir='${prefix}/var'
mandir='${datarootdir}/man'
mkdir_p='$(MKDIR_P)'
oldincludedir='/usr/include'
pdfdir='${docdir}'
prefix='/home/targueriano/.cache/gnome-builder/install/cambio/host'
program_transform_name='s,x,x,'
psdir='${docdir}'
runstatedir='${localstatedir}/run'
sbindir='${exec_prefix}/sbin'
sharedstatedir='${prefix}/com'
sysconfdir='${prefix}/etc'
target_alias=''

## ----------- ##
## confdefs.h. ##
## ----------- ##

/* confdefs.h */
#define PACKAGE_NAME "cambio"
#define PACKAGE_TARNAME "cambio"
#define PACKAGE_VERSION "0.1"
#define PACKAGE_STRING "cambio 0.1"
#define PACKAGE_BUGREPORT ""
#define PACKAGE_URL ""
#define PACKAGE "cambio"
#define VERSION "0.1"
#define STDC_HEADERS 1
#define HAVE_SYS_TYPES_H 1
#define HAVE_SYS_STAT_H 1
#define HAVE_STDLIB_H 1
#define HAVE_STRING_H 1
#define HAVE_MEMORY_H 1
#define HAVE_STRINGS_H 1
#define HAVE_INTTYPES_H 1
#define HAVE_STDINT_H 1
#define HAVE_UNISTD_H 1
#define HAVE_DLFCN_H 1
#define LT_OBJDIR ".libs/"

configure: exit 0
